{
  "RSpec": {
    "coverage": {
      "/home/david/RubymineProjects/workspace/finances/app/models/user.rb": {
        "lines": [
          1,
          1,
          null,
          null,
          null,
          1,
          null,
          1,
          null,
          null,
          1,
          1,
          null,
          null,
          1,
          1,
          1,
          null,
          1,
          null,
          1,
          35,
          null,
          null
        ]
      },
      "/home/david/RubymineProjects/workspace/finances/app/models/application_record.rb": {
        "lines": [
          1,
          1,
          null
        ]
      },
      "/home/david/RubymineProjects/workspace/finances/app/models/concerns/authenticatable.rb": {
        "lines": [
          1,
          1,
          null,
          null,
          1,
          null,
          1,
          null,
          1,
          7,
          null,
          null,
          null,
          1,
          13,
          null,
          null,
          1,
          12,
          null,
          null,
          1,
          4,
          4,
          null,
          null,
          null
        ]
      },
      "/home/david/RubymineProjects/workspace/finances/app/controllers/users_controller.rb": {
        "lines": [
          1,
          1,
          1,
          1,
          null,
          1,
          1,
          null,
          null,
          1,
          1,
          null,
          null,
          1,
          1,
          1,
          null,
          null,
          1,
          6,
          1,
          null,
          null,
          1,
          1,
          null,
          null,
          1,
          4,
          1,
          null,
          null,
          1,
          null,
          1,
          6,
          null,
          null,
          1,
          1,
          null,
          null,
          1,
          5,
          null,
          null,
          1,
          11,
          null,
          null,
          1,
          11,
          null,
          null,
          null,
          null
        ]
      },
      "/home/david/RubymineProjects/workspace/finances/app/controllers/application_controller.rb": {
        "lines": [
          1,
          1,
          1,
          null,
          1,
          null,
          1,
          null,
          1,
          6,
          null,
          null,
          1,
          null,
          4,
          4,
          null,
          null,
          1,
          4,
          null,
          null,
          4,
          4,
          null,
          null,
          null
        ]
      },
      "/home/david/RubymineProjects/workspace/finances/app/controllers/concerns/error_handleable.rb": {
        "lines": [
          1,
          1,
          null,
          1,
          2,
          2,
          null,
          2,
          null,
          2,
          8,
          null,
          null,
          null,
          null,
          null,
          2,
          3,
          null,
          null,
          null,
          null,
          null,
          2,
          0,
          null,
          null,
          null,
          null,
          null,
          2,
          0,
          null,
          null,
          null,
          null,
          null,
          null
        ]
      },
      "/home/david/RubymineProjects/workspace/finances/app/serializers/user_serializer.rb": {
        "lines": [
          1,
          1,
          null,
          null,
          null,
          null,
          1,
          6,
          null,
          null
        ]
      },
      "/home/david/RubymineProjects/workspace/finances/app/serializers/base_serializer.rb": {
        "lines": [
          1,
          1,
          1,
          null
        ]
      },
      "/home/david/RubymineProjects/workspace/finances/app/serializers/errors_serializer.rb": {
        "lines": [
          1,
          1,
          null,
          1,
          8,
          null,
          null,
          1,
          8,
          10,
          17,
          null,
          null,
          null,
          null
        ]
      },
      "/home/david/RubymineProjects/workspace/finances/app/serializers/error_serializer.rb": {
        "lines": [
          1,
          1,
          17,
          17,
          17,
          null,
          null,
          1,
          null,
          17,
          null,
          null,
          null,
          null,
          null,
          1,
          null,
          1,
          17,
          null,
          null,
          null,
          null,
          null,
          null,
          null,
          1,
          17,
          null,
          null,
          null,
          null,
          null,
          null,
          null,
          1,
          17,
          null,
          null,
          null,
          null,
          null,
          null,
          null,
          1,
          34,
          null,
          null
        ]
      },
      "/home/david/RubymineProjects/workspace/finances/app/controllers/user_token_controller.rb": {
        "lines": [
          1,
          2,
          1,
          null,
          1,
          1,
          1,
          1,
          1,
          null,
          null,
          null,
          null,
          0,
          null,
          null,
          null,
          1,
          null,
          1,
          9,
          null,
          null,
          1,
          6,
          null,
          null,
          1,
          6,
          null,
          null,
          null,
          null,
          null
        ]
      },
      "/home/david/RubymineProjects/workspace/finances/app/mailers/application_mailer.rb": {
        "lines": [
          0,
          0,
          0,
          0
        ],
        "branches": {
        }
      },
      "/home/david/RubymineProjects/workspace/finances/app/jobs/application_job.rb": {
        "lines": [
          0,
          0
        ],
        "branches": {
        }
      },
      "/home/david/RubymineProjects/workspace/finances/app/channels/application_cable/channel.rb": {
        "lines": [
          0,
          0,
          0,
          0
        ],
        "branches": {
        }
      },
      "/home/david/RubymineProjects/workspace/finances/app/channels/application_cable/connection.rb": {
        "lines": [
          0,
          0,
          0,
          0
        ],
        "branches": {
        }
      }
    },
    "timestamp": 1605230423
  }
}
